<?xml version="1.0" encoding="UTF-8"?>
<testsuite xmlns:xsi="http://www.w3.org/2001/XMLSchema-instance" xsi:noNamespaceSchemaLocation="https://maven.apache.org/surefire/maven-surefire-plugin/xsd/surefire-test-report.xsd" name="Runner.MainRunner" time="59.971" tests="4" errors="0" skipped="0" failures="0">
  <properties>
[...]
</properties>
  <testcase name="Given User navigate to practice page" classname="Scenario: Work with the pactise page scenario" time="0.001"/>
  <testcase name="When User clicks on the Login button" classname="Scenario: Work with the pactise page scenario" time="0"/>
  <testcase name="Then User should navigate successfully to Login Page" classname="Scenario: Work with the pactise page scenario" time="0"/>
  <testcase name="Scenario: Work with the pactise page scenario" classname="Scenario: Work with the pactise page scenario" time="3.58"/>
</testsuite>